  Ex4_V2.C
C:\NAM\PROG_SLO1_25_26\Exercice\Exo4\Exercice 4\Exercice 4\Ex4_V2.C(37,51): error C2059: erreur de syntaxe : ')'
C:\NAM\PROG_SLO1_25_26\Exercice\Exo4\Exercice 4\Exercice 4\Ex4_V2.C(38,51): error C2059: erreur de syntaxe : ')'
C:\NAM\PROG_SLO1_25_26\Exercice\Exo4\Exercice 4\Exercice 4\Ex4_V2.C(43,50): error C2059: erreur de syntaxe : ')'
C:\NAM\PROG_SLO1_25_26\Exercice\Exo4\Exercice 4\Exercice 4\Ex4_V2.C(48,35): error C2059: erreur de syntaxe : ')'
C:\NAM\PROG_SLO1_25_26\Exercice\Exo4\Exercice 4\Exercice 4\Ex4_V2.C(49,36): error C2059: erreur de syntaxe : ')'
